  [1m[36m (1.7ms)[0m  [1mCREATE TABLE "schema_migrations" ("version" varchar NOT NULL) [0m
  [1m[35m (0.1ms)[0m  select sqlite_version(*)
  [1m[36m (1.6ms)[0m  [1mCREATE UNIQUE INDEX "unique_schema_migrations" ON "schema_migrations" ("version")[0m
  [1m[35mActiveRecord::SchemaMigration Load (0.1ms)[0m  SELECT "schema_migrations".* FROM "schema_migrations"


Started GET "/" for ::1 at 2015-11-17 17:47:54 -0600
Processing by Rails::WelcomeController#index as HTML
  Rendered /Users/admin/.rvm/gems/ruby-2.1.2/gems/railties-4.2.3/lib/rails/templates/rails/welcome/index.html.erb (2.8ms)
Completed 200 OK in 27ms (Views: 19.4ms | ActiveRecord: 0.0ms)
  [1m[36mActiveRecord::SchemaMigration Load (0.1ms)[0m  [1mSELECT "schema_migrations".* FROM "schema_migrations"[0m
Migrating to CreateStudents (1)
  [1m[35m (0.1ms)[0m  begin transaction
  [1m[36m (0.4ms)[0m  [1mCREATE TABLE "students" ("id" INTEGER PRIMARY KEY AUTOINCREMENT NOT NULL, "first_name" varchar, "last_name" varchar, "created_at" datetime NOT NULL, "updated_at" datetime NOT NULL) [0m
  [1m[35mSQL (0.3ms)[0m  INSERT INTO "schema_migrations" ("version") VALUES (?)  [["version", "1"]]
  [1m[36m (1.4ms)[0m  [1mcommit transaction[0m
  [1m[35mActiveRecord::SchemaMigration Load (0.1ms)[0m  SELECT "schema_migrations".* FROM "schema_migrations"
  [1m[36m (0.1ms)[0m  [1mbegin transaction[0m
  [1m[35mSQL (0.3ms)[0m  INSERT INTO "students" ("first_name", "last_name", "created_at", "updated_at") VALUES (?, ?, ?, ?)  [["first_name", "Jordan"], ["last_name", "Hudgens"], ["created_at", "2015-11-18 00:10:55.545365"], ["updated_at", "2015-11-18 00:10:55.545365"]]
  [1m[36m (2.9ms)[0m  [1mcommit transaction[0m
  [1m[35mStudent Load (0.2ms)[0m  SELECT  "students".* FROM "students"  ORDER BY "students"."id" DESC LIMIT 1
  [1m[36m (0.1ms)[0m  [1mbegin transaction[0m
  [1m[35mSQL (0.3ms)[0m  INSERT INTO "students" ("created_at", "updated_at") VALUES (?, ?)  [["created_at", "2015-11-18 00:17:49.095449"], ["updated_at", "2015-11-18 00:17:49.095449"]]
  [1m[36m (1.2ms)[0m  [1mcommit transaction[0m
  [1m[35mStudent Load (0.2ms)[0m  SELECT  "students".* FROM "students"  ORDER BY "students"."id" DESC LIMIT 1
  [1m[36mActiveRecord::SchemaMigration Load (0.1ms)[0m  [1mSELECT "schema_migrations".* FROM "schema_migrations"[0m
  [1m[35mActiveRecord::SchemaMigration Load (0.1ms)[0m  SELECT "schema_migrations".* FROM "schema_migrations"


Started GET "/" for ::1 at 2015-11-18 13:36:42 -0600
  [1m[36mActiveRecord::SchemaMigration Load (0.1ms)[0m  [1mSELECT "schema_migrations".* FROM "schema_migrations"[0m
Processing by Rails::WelcomeController#index as HTML
  Rendered /Users/admin/.rvm/gems/ruby-2.1.2/gems/railties-4.2.3/lib/rails/templates/rails/welcome/index.html.erb (2.4ms)
Completed 200 OK in 39ms (Views: 24.5ms | ActiveRecord: 0.0ms)


Started GET "/" for ::1 at 2015-11-18 13:37:10 -0600
Processing by Rails::WelcomeController#index as HTML
  Rendered /Users/admin/.rvm/gems/ruby-2.1.2/gems/railties-4.2.3/lib/rails/templates/rails/welcome/index.html.erb (0.0ms)
Completed 200 OK in 1ms (Views: 0.7ms | ActiveRecord: 0.0ms)
  [1m[36mActiveRecord::SchemaMigration Load (0.5ms)[0m  [1mSELECT "schema_migrations".* FROM "schema_migrations"[0m
  [1m[35mActiveRecord::SchemaMigration Load (0.1ms)[0m  SELECT "schema_migrations".* FROM "schema_migrations"
  [1m[36mStudent Load (0.4ms)[0m  [1mSELECT  "students".* FROM "students"  ORDER BY "students"."id" DESC LIMIT 1[0m
  [1m[35mStudent Load (0.2ms)[0m  SELECT  "students".* FROM "students"  ORDER BY "students"."id" DESC LIMIT 1
  [1m[36m (0.1ms)[0m  [1mbegin transaction[0m
  [1m[35mSQL (0.6ms)[0m  DELETE FROM "students" WHERE "students"."id" = ?  [["id", 2]]
  [1m[36m (1.6ms)[0m  [1mcommit transaction[0m
  [1m[35mStudent Load (0.2ms)[0m  SELECT "students".* FROM "students"
  [1m[35m (1.6ms)[0m  [1m[35mCREATE TABLE "ar_internal_metadata" ("key" varchar NOT NULL PRIMARY KEY, "value" varchar, "created_at" datetime NOT NULL, "updated_at" datetime NOT NULL)[0m
  [1m[36mActiveRecord::SchemaMigration Load (0.1ms)[0m  [1m[34mSELECT "schema_migrations".* FROM "schema_migrations"[0m
Migrating to CreateSchoolClasses (20200719230713)
  [1m[35m (0.1ms)[0m  [1m[36mbegin transaction[0m
  [1m[35m (0.4ms)[0m  [1m[35mCREATE TABLE "school_classes" ("id" INTEGER PRIMARY KEY AUTOINCREMENT NOT NULL, "title" varchar, "room_number" integer, "created_at" datetime NOT NULL, "updated_at" datetime NOT NULL)[0m
  [1m[35mSQL (0.2ms)[0m  [1m[32mINSERT INTO "schema_migrations" ("version") VALUES (?)[0m  [["version", "20200719230713"]]
  [1m[35m (1.6ms)[0m  [1m[36mcommit transaction[0m
  [1m[36mActiveRecord::InternalMetadata Load (0.2ms)[0m  [1m[34mSELECT  "ar_internal_metadata".* FROM "ar_internal_metadata" WHERE "ar_internal_metadata"."key" = ? LIMIT ?[0m  [["key", "environment"], ["LIMIT", 1]]
  [1m[35m (0.1ms)[0m  [1m[36mbegin transaction[0m
  [1m[35mSQL (0.4ms)[0m  [1m[32mINSERT INTO "ar_internal_metadata" ("key", "value", "created_at", "updated_at") VALUES (?, ?, ?, ?)[0m  [["key", "environment"], ["value", "development"], ["created_at", "2020-07-19 23:15:04.435836"], ["updated_at", "2020-07-19 23:15:04.435836"]]
  [1m[35m (1.0ms)[0m  [1m[36mcommit transaction[0m
  [1m[36mActiveRecord::SchemaMigration Load (0.1ms)[0m  [1m[34mSELECT "schema_migrations".* FROM "schema_migrations"[0m
Started GET "/" for ::1 at 2020-07-19 21:40:19 -0400
  [1m[36mActiveRecord::SchemaMigration Load (1.1ms)[0m  [1m[34mSELECT "schema_migrations".* FROM "schema_migrations"[0m
Processing by Rails::WelcomeController#index as HTML
  Parameters: {"internal"=>true}
  Rendering /Users/netalyramirez/.rvm/gems/ruby-2.6.1/gems/railties-5.0.7.1/lib/rails/templates/rails/welcome/index.html.erb
  Rendered /Users/netalyramirez/.rvm/gems/ruby-2.6.1/gems/railties-5.0.7.1/lib/rails/templates/rails/welcome/index.html.erb (5.6ms)
Completed 200 OK in 22ms (Views: 14.7ms | ActiveRecord: 0.0ms)


Started GET "/schoolclasses" for ::1 at 2020-07-19 21:40:27 -0400
  
ActionController::RoutingError (No route matches [GET] "/schoolclasses"):
  
actionpack (5.0.7.1) lib/action_dispatch/middleware/debug_exceptions.rb:53:in `call'
actionpack (5.0.7.1) lib/action_dispatch/middleware/show_exceptions.rb:31:in `call'
railties (5.0.7.1) lib/rails/rack/logger.rb:36:in `call_app'
railties (5.0.7.1) lib/rails/rack/logger.rb:24:in `block in call'
activesupport (5.0.7.1) lib/active_support/tagged_logging.rb:69:in `block in tagged'
activesupport (5.0.7.1) lib/active_support/tagged_logging.rb:26:in `tagged'
activesupport (5.0.7.1) lib/active_support/tagged_logging.rb:69:in `tagged'
railties (5.0.7.1) lib/rails/rack/logger.rb:24:in `call'
sprockets-rails (3.2.1) lib/sprockets/rails/quiet_assets.rb:13:in `call'
actionpack (5.0.7.1) lib/action_dispatch/middleware/request_id.rb:24:in `call'
rack (2.2.3) lib/rack/method_override.rb:24:in `call'
rack (2.2.3) lib/rack/runtime.rb:22:in `call'
activesupport (5.0.7.1) lib/active_support/cache/strategy/local_cache_middleware.rb:28:in `call'
actionpack (5.0.7.1) lib/action_dispatch/middleware/executor.rb:12:in `call'
actionpack (5.0.7.1) lib/action_dispatch/middleware/static.rb:136:in `call'
rack (2.2.3) lib/rack/sendfile.rb:110:in `call'
railties (5.0.7.1) lib/rails/engine.rb:522:in `call'
rack (2.2.3) lib/rack/handler/webrick.rb:95:in `service'
/Users/netalyramirez/.rvm/rubies/ruby-2.6.1/lib/ruby/2.6.0/webrick/httpserver.rb:140:in `service'
/Users/netalyramirez/.rvm/rubies/ruby-2.6.1/lib/ruby/2.6.0/webrick/httpserver.rb:96:in `run'
/Users/netalyramirez/.rvm/rubies/ruby-2.6.1/lib/ruby/2.6.0/webrick/server.rb:307:in `block in start_thread'
  Rendering /Users/netalyramirez/.rvm/gems/ruby-2.6.1/gems/actionpack-5.0.7.1/lib/action_dispatch/middleware/templates/rescues/routing_error.html.erb within rescues/layout
  Rendering /Users/netalyramirez/.rvm/gems/ruby-2.6.1/gems/actionpack-5.0.7.1/lib/action_dispatch/middleware/templates/rescues/_trace.html.erb
  Rendered /Users/netalyramirez/.rvm/gems/ruby-2.6.1/gems/actionpack-5.0.7.1/lib/action_dispatch/middleware/templates/rescues/_trace.html.erb (0.9ms)
  Rendered collection of /Users/netalyramirez/.rvm/gems/ruby-2.6.1/gems/actionpack-5.0.7.1/lib/action_dispatch/middleware/templates/routes/_route.html.erb [16 times] (3.5ms)
  Rendered /Users/netalyramirez/.rvm/gems/ruby-2.6.1/gems/actionpack-5.0.7.1/lib/action_dispatch/middleware/templates/routes/_table.html.erb (10.8ms)
  Rendering /Users/netalyramirez/.rvm/gems/ruby-2.6.1/gems/actionpack-5.0.7.1/lib/action_dispatch/middleware/templates/rescues/_request_and_response.html.erb
  Rendered /Users/netalyramirez/.rvm/gems/ruby-2.6.1/gems/actionpack-5.0.7.1/lib/action_dispatch/middleware/templates/rescues/_request_and_response.html.erb (1.1ms)
  Rendered /Users/netalyramirez/.rvm/gems/ruby-2.6.1/gems/actionpack-5.0.7.1/lib/action_dispatch/middleware/templates/rescues/routing_error.html.erb within rescues/layout (48.7ms)
Started GET "/school_classes" for ::1 at 2020-07-19 21:41:12 -0400
Processing by SchoolClassesController#index as HTML
  Rendering school_classes/index.html.erb within layouts/application
  [1m[36mSchoolClass Load (1.3ms)[0m  [1m[34mSELECT "school_classes".* FROM "school_classes"[0m
  Rendered school_classes/index.html.erb within layouts/application (4.8ms)
Completed 200 OK in 400ms (Views: 389.4ms | ActiveRecord: 1.8ms)


Started GET "/school_classes/new" for ::1 at 2020-07-19 21:41:42 -0400
Processing by SchoolClassesController#new as HTML
  Rendering school_classes/new.html.erb within layouts/application
  Rendered school_classes/new.html.erb within layouts/application (15.3ms)
Completed 200 OK in 48ms (Views: 37.6ms | ActiveRecord: 0.8ms)


Started POST "/school_classes" for ::1 at 2020-07-19 21:41:53 -0400
Processing by SchoolClassesController#create as HTML
  Parameters: {"utf8"=>"✓", "authenticity_token"=>"s9n8+R3MnvVACijvZOY2O5HJGuqUwKUdyeMCuOAfzzDmrosrR0bWDrZ8dXnds+Q9z7Yk7V28sW9Xxduco5TIKA==", "school_class"=>{"title"=>"History", "room_number"=>"404"}, "commit"=>"Create School class"}
  [1m[35m (0.2ms)[0m  [1m[36mbegin transaction[0m
  [1m[35mSQL (2.0ms)[0m  [1m[32mINSERT INTO "school_classes" ("title", "room_number", "created_at", "updated_at") VALUES (?, ?, ?, ?)[0m  [["title", "History"], ["room_number", 404], ["created_at", "2020-07-20 01:41:53.823634"], ["updated_at", "2020-07-20 01:41:53.823634"]]
  [1m[35m (2.8ms)[0m  [1m[36mcommit transaction[0m
Redirected to http://localhost:3000/school_classes/1
Completed 302 Found in 12ms (ActiveRecord: 5.0ms)


Started GET "/school_classes/1" for ::1 at 2020-07-19 21:41:53 -0400
Processing by SchoolClassesController#show as HTML
  Parameters: {"id"=>"1"}
  [1m[36mSchoolClass Load (0.2ms)[0m  [1m[34mSELECT  "school_classes".* FROM "school_classes" WHERE "school_classes"."id" = ? LIMIT ?[0m  [["id", 1], ["LIMIT", 1]]
  Rendering school_classes/show.html.erb within layouts/application
  Rendered school_classes/show.html.erb within layouts/application (0.4ms)
Completed 200 OK in 47ms (Views: 43.2ms | ActiveRecord: 0.2ms)


Started GET "/school_classes/new" for ::1 at 2020-07-19 21:42:00 -0400
Processing by SchoolClassesController#new as HTML
  Rendering school_classes/new.html.erb within layouts/application
  Rendered school_classes/new.html.erb within layouts/application (3.3ms)
Completed 200 OK in 53ms (Views: 49.3ms | ActiveRecord: 0.0ms)


Started POST "/school_classes" for ::1 at 2020-07-19 21:42:06 -0400
Processing by SchoolClassesController#create as HTML
  Parameters: {"utf8"=>"✓", "authenticity_token"=>"r87QgeJVYprwCFabipHJGVWcuTYoRrfZmo3WFtkDzYH6uadTuN8qYQZ+Cw0zxBsfC+OHMeE6o6sEqw8ymojKmQ==", "school_class"=>{"title"=>"Language", "room_number"=>"1002"}, "commit"=>"Create School class"}
  [1m[35m (0.1ms)[0m  [1m[36mbegin transaction[0m
  [1m[35mSQL (0.7ms)[0m  [1m[32mINSERT INTO "school_classes" ("title", "room_number", "created_at", "updated_at") VALUES (?, ?, ?, ?)[0m  [["title", "Language"], ["room_number", 1002], ["created_at", "2020-07-20 01:42:06.793615"], ["updated_at", "2020-07-20 01:42:06.793615"]]
  [1m[35m (2.4ms)[0m  [1m[36mcommit transaction[0m
Redirected to http://localhost:3000/school_classes/2
Completed 302 Found in 10ms (ActiveRecord: 3.2ms)


Started GET "/school_classes/2" for ::1 at 2020-07-19 21:42:06 -0400
Processing by SchoolClassesController#show as HTML
  Parameters: {"id"=>"2"}
  [1m[36mSchoolClass Load (0.7ms)[0m  [1m[34mSELECT  "school_classes".* FROM "school_classes" WHERE "school_classes"."id" = ? LIMIT ?[0m  [["id", 2], ["LIMIT", 1]]
  Rendering school_classes/show.html.erb within layouts/application
  Rendered school_classes/show.html.erb within layouts/application (0.6ms)
Completed 200 OK in 36ms (Views: 29.4ms | ActiveRecord: 0.7ms)


Started GET "/school_classes" for ::1 at 2020-07-19 21:42:10 -0400
Processing by SchoolClassesController#index as HTML
  Rendering school_classes/index.html.erb within layouts/application
  [1m[36mSchoolClass Load (0.3ms)[0m  [1m[34mSELECT "school_classes".* FROM "school_classes"[0m
  Rendered school_classes/index.html.erb within layouts/application (2.6ms)
Completed 200 OK in 38ms (Views: 35.1ms | ActiveRecord: 0.3ms)


Started GET "/school_classes/1" for ::1 at 2020-07-19 21:42:13 -0400
Processing by SchoolClassesController#show as HTML
  Parameters: {"id"=>"1"}
  [1m[36mSchoolClass Load (0.2ms)[0m  [1m[34mSELECT  "school_classes".* FROM "school_classes" WHERE "school_classes"."id" = ? LIMIT ?[0m  [["id", 1], ["LIMIT", 1]]
  Rendering school_classes/show.html.erb within layouts/application
  Rendered school_classes/show.html.erb within layouts/application (0.7ms)
Completed 200 OK in 27ms (Views: 23.5ms | ActiveRecord: 0.2ms)


Started GET "/school_classes" for ::1 at 2020-07-19 21:42:17 -0400
Processing by SchoolClassesController#index as HTML
  Rendering school_classes/index.html.erb within layouts/application
  [1m[36mSchoolClass Load (0.3ms)[0m  [1m[34mSELECT "school_classes".* FROM "school_classes"[0m
  Rendered school_classes/index.html.erb within layouts/application (2.4ms)
Completed 200 OK in 39ms (Views: 36.4ms | ActiveRecord: 0.3ms)


Started GET "/school_classes/2" for ::1 at 2020-07-19 21:42:23 -0400
Processing by SchoolClassesController#show as HTML
  Parameters: {"id"=>"2"}
  [1m[36mSchoolClass Load (0.2ms)[0m  [1m[34mSELECT  "school_classes".* FROM "school_classes" WHERE "school_classes"."id" = ? LIMIT ?[0m  [["id", 2], ["LIMIT", 1]]
  Rendering school_classes/show.html.erb within layouts/application
  Rendered school_classes/show.html.erb within layouts/application (0.9ms)
Completed 200 OK in 28ms (Views: 24.4ms | ActiveRecord: 0.2ms)


Started GET "/school_classes/2/edit" for ::1 at 2020-07-19 21:42:27 -0400
Processing by SchoolClassesController#edit as HTML
  Parameters: {"id"=>"2"}
  Rendering school_classes/edit.html.erb within layouts/application
  Rendered school_classes/edit.html.erb within layouts/application (8.3ms)
Completed 500 Internal Server Error in 16ms (ActiveRecord: 0.0ms)


  
ActionView::Template::Error (First argument in form cannot contain nil or be empty):
    1: <%= form_for(@schoolClass) do |f|%>
    2:     <label>Class Title:</label><br>
    3:     <%= f.text_field :title %>
    4:     <br>
  
app/views/school_classes/edit.html.erb:1:in `_app_views_school_classes_edit_html_erb___3085425088061854157_70195510731900'
  Rendering /Users/netalyramirez/.rvm/gems/ruby-2.6.1/gems/actionpack-5.0.7.1/lib/action_dispatch/middleware/templates/rescues/template_error.html.erb within rescues/layout
  Rendering /Users/netalyramirez/.rvm/gems/ruby-2.6.1/gems/actionpack-5.0.7.1/lib/action_dispatch/middleware/templates/rescues/_source.html.erb
  Rendered /Users/netalyramirez/.rvm/gems/ruby-2.6.1/gems/actionpack-5.0.7.1/lib/action_dispatch/middleware/templates/rescues/_source.html.erb (4.5ms)
  Rendering /Users/netalyramirez/.rvm/gems/ruby-2.6.1/gems/actionpack-5.0.7.1/lib/action_dispatch/middleware/templates/rescues/_trace.html.erb
  Rendered /Users/netalyramirez/.rvm/gems/ruby-2.6.1/gems/actionpack-5.0.7.1/lib/action_dispatch/middleware/templates/rescues/_trace.html.erb (2.1ms)
  Rendering /Users/netalyramirez/.rvm/gems/ruby-2.6.1/gems/actionpack-5.0.7.1/lib/action_dispatch/middleware/templates/rescues/_request_and_response.html.erb
  Rendered /Users/netalyramirez/.rvm/gems/ruby-2.6.1/gems/actionpack-5.0.7.1/lib/action_dispatch/middleware/templates/rescues/_request_and_response.html.erb (0.8ms)
  Rendered /Users/netalyramirez/.rvm/gems/ruby-2.6.1/gems/actionpack-5.0.7.1/lib/action_dispatch/middleware/templates/rescues/template_error.html.erb within rescues/layout (22.9ms)
Started GET "/school_classes/2/edit" for ::1 at 2020-07-19 21:43:33 -0400
Processing by SchoolClassesController#edit as HTML
  Parameters: {"id"=>"2"}
  [1m[36mSchoolClass Load (0.1ms)[0m  [1m[34mSELECT  "school_classes".* FROM "school_classes" WHERE "school_classes"."id" = ? LIMIT ?[0m  [["id", 2], ["LIMIT", 1]]
  Rendering school_classes/edit.html.erb within layouts/application
  Rendered school_classes/edit.html.erb within layouts/application (1.7ms)
Completed 200 OK in 26ms (Views: 14.9ms | ActiveRecord: 0.9ms)


Started PATCH "/school_classes/2" for ::1 at 2020-07-19 21:43:36 -0400
Processing by SchoolClassesController#update as HTML
  Parameters: {"utf8"=>"✓", "authenticity_token"=>"5H7JljtlFEnnunERrRr1AgtmpBTy4bfAvbnDR11LRyaxCb5EYe9cshHMLIcUTycEVRmaEzudo7IjnxpjHsBAPg==", "school_class"=>{"title"=>"Language", "room_number"=>"1002"}, "commit"=>"Update School class", "id"=>"2"}
No template found for SchoolClassesController#update, rendering head :no_content
Completed 204 No Content in 38ms (ActiveRecord: 0.0ms)


Started GET "/students" for ::1 at 2020-07-19 22:04:04 -0400
  [1m[36mActiveRecord::SchemaMigration Load (0.1ms)[0m  [1m[34mSELECT "schema_migrations".* FROM "schema_migrations"[0m
Processing by StudentsController#index as HTML
  Rendering students/index.html.erb within layouts/application
  [1m[36mStudent Load (0.2ms)[0m  [1m[34mSELECT "students".* FROM "students"[0m
Started GET "/school_classes/2/edit" for ::1 at 2020-07-19 22:04:52 -0400
Started GET "/" for ::1 at 2020-07-19 22:04:52 -0400
  Rendered students/index.html.erb within layouts/application (47725.0ms)
Completed 200 OK in 48037ms (Views: 48030.1ms | ActiveRecord: 0.9ms)


Processing by SchoolClassesController#edit as HTML
  Parameters: {"id"=>"2"}
Processing by Rails::WelcomeController#index as HTML
  Parameters: {"internal"=>true}
  [1m[36mSchoolClass Load (0.3ms)[0m  [1m[34mSELECT  "school_classes".* FROM "school_classes" WHERE "school_classes"."id" = ? LIMIT ?[0m  [["id", 2], ["LIMIT", 1]]
  Rendering /Users/netalyramirez/.rvm/gems/ruby-2.6.1/gems/railties-5.0.7.1/lib/rails/templates/rails/welcome/index.html.erb
  Rendered /Users/netalyramirez/.rvm/gems/ruby-2.6.1/gems/railties-5.0.7.1/lib/rails/templates/rails/welcome/index.html.erb (2.5ms)
Completed 200 OK in 17ms (Views: 6.7ms | ActiveRecord: 0.0ms)


  Rendering school_classes/edit.html.erb within layouts/application
  Rendered school_classes/edit.html.erb within layouts/application (23.5ms)
Completed 200 OK in 76ms (Views: 52.0ms | ActiveRecord: 1.1ms)


Started GET "/students" for ::1 at 2020-07-19 22:05:03 -0400
Processing by StudentsController#index as HTML
  Rendering students/index.html.erb within layouts/application
  [1m[36mStudent Load (0.5ms)[0m  [1m[34mSELECT "students".* FROM "students"[0m
  Rendered students/index.html.erb within layouts/application (2.7ms)
Completed 200 OK in 33ms (Views: 30.9ms | ActiveRecord: 0.5ms)


Started GET "/students/1" for ::1 at 2020-07-19 22:05:05 -0400
Processing by StudentsController#show as HTML
  Parameters: {"id"=>"1"}
  [1m[36mStudent Load (0.3ms)[0m  [1m[34mSELECT  "students".* FROM "students" WHERE "students"."id" = ? LIMIT ?[0m  [["id", 1], ["LIMIT", 1]]
  Rendering students/show.html.erb within layouts/application
  Rendered students/show.html.erb within layouts/application (0.5ms)
Completed 200 OK in 27ms (Views: 22.6ms | ActiveRecord: 0.3ms)


Started GET "/students/new" for ::1 at 2020-07-19 22:05:21 -0400
Processing by StudentsController#new as HTML
  Rendering students/new.html.erb within layouts/application
  Rendered students/new.html.erb within layouts/application (3.6ms)
Completed 200 OK in 34ms (Views: 31.5ms | ActiveRecord: 0.0ms)


Started POST "/students" for ::1 at 2020-07-19 22:05:30 -0400
Processing by StudentsController#create as HTML
  Parameters: {"utf8"=>"✓", "authenticity_token"=>"vY02Cwbm9GLdaPzfrKeWkwHy4hdT90/M6sw6cB8pOKro+kHZXGy8mSseoUkV8kSVX43cEJqLW7506uNUXKI/sg==", "student"=>{"first_name"=>"Linda", "last_name"=>"Kelsy"}, "commit"=>"New Student"}
  [1m[35m (0.1ms)[0m  [1m[36mbegin transaction[0m
  [1m[35mSQL (1.1ms)[0m  [1m[32mINSERT INTO "students" ("first_name", "last_name", "created_at", "updated_at") VALUES (?, ?, ?, ?)[0m  [["first_name", "Linda"], ["last_name", "Kelsy"], ["created_at", "2020-07-20 02:05:30.399245"], ["updated_at", "2020-07-20 02:05:30.399245"]]
  [1m[35m (2.0ms)[0m  [1m[36mcommit transaction[0m
Redirected to http://localhost:3000/students/3
Completed 302 Found in 8ms (ActiveRecord: 3.2ms)


Started GET "/students/3" for ::1 at 2020-07-19 22:05:30 -0400
Processing by StudentsController#show as HTML
  Parameters: {"id"=>"3"}
  [1m[36mStudent Load (0.2ms)[0m  [1m[34mSELECT  "students".* FROM "students" WHERE "students"."id" = ? LIMIT ?[0m  [["id", 3], ["LIMIT", 1]]
  Rendering students/show.html.erb within layouts/application
  Rendered students/show.html.erb within layouts/application (0.6ms)
Completed 200 OK in 16ms (Views: 13.6ms | ActiveRecord: 0.2ms)


Started GET "/students/new" for ::1 at 2020-07-19 22:05:56 -0400
Processing by StudentsController#new as HTML
  Rendering students/new.html.erb within layouts/application
  Rendered students/new.html.erb within layouts/application (2.2ms)
Completed 200 OK in 34ms (Views: 31.3ms | ActiveRecord: 0.0ms)


Started POST "/students" for ::1 at 2020-07-19 22:06:03 -0400
Processing by StudentsController#create as HTML
  Parameters: {"utf8"=>"✓", "authenticity_token"=>"tTPQVZ2bWQ6Hlrg28zhYxqAKgYlcqUmPeynEVPqtUnXgRKeHxxER9XHg5aBKbYrA/nW/jpXVXf3lDx1wuSZVbQ==", "student"=>{"first_name"=>"Jackson", "last_name"=>"Chen"}, "commit"=>"New Student"}
  [1m[35m (0.2ms)[0m  [1m[36mbegin transaction[0m
  [1m[35mSQL (0.8ms)[0m  [1m[32mINSERT INTO "students" ("first_name", "last_name", "created_at", "updated_at") VALUES (?, ?, ?, ?)[0m  [["first_name", "Jackson"], ["last_name", "Chen"], ["created_at", "2020-07-20 02:06:03.119944"], ["updated_at", "2020-07-20 02:06:03.119944"]]
  [1m[35m (1.9ms)[0m  [1m[36mcommit transaction[0m
Redirected to http://localhost:3000/students/4
Completed 302 Found in 8ms (ActiveRecord: 2.8ms)


Started GET "/students/4" for ::1 at 2020-07-19 22:06:03 -0400
Processing by StudentsController#show as HTML
  Parameters: {"id"=>"4"}
  [1m[36mStudent Load (0.2ms)[0m  [1m[34mSELECT  "students".* FROM "students" WHERE "students"."id" = ? LIMIT ?[0m  [["id", 4], ["LIMIT", 1]]
  Rendering students/show.html.erb within layouts/application
  Rendered students/show.html.erb within layouts/application (0.6ms)
Completed 200 OK in 20ms (Views: 18.3ms | ActiveRecord: 0.2ms)


Started GET "/students/4" for ::1 at 2020-07-19 22:07:05 -0400
Processing by StudentsController#show as HTML
  Parameters: {"id"=>"4"}
  [1m[36mStudent Load (0.1ms)[0m  [1m[34mSELECT  "students".* FROM "students" WHERE "students"."id" = ? LIMIT ?[0m  [["id", 4], ["LIMIT", 1]]
  Rendering students/show.html.erb within layouts/application
  Rendered students/show.html.erb within layouts/application (1.0ms)
Completed 200 OK in 27ms (Views: 24.6ms | ActiveRecord: 0.1ms)


